{"/home/ubuntu/workspace/lego-builder/server.js":{"path":"/home/ubuntu/workspace/lego-builder/server.js","s":{"1":1,"2":1,"3":1,"4":1,"5":1,"6":1,"7":1,"8":1,"9":1,"10":1,"11":1,"12":1,"13":1,"14":1,"15":1,"16":1,"17":1,"18":1,"19":0,"20":0,"21":0,"22":1,"23":1,"24":1,"25":1,"26":1,"27":0,"28":1,"29":0,"30":1,"31":1,"32":0,"33":1,"34":1,"35":1,"36":1,"37":0,"38":0,"39":1,"40":1,"41":1,"42":1,"43":0,"44":0,"45":1,"46":1,"47":1,"48":0,"49":0,"50":1,"51":0,"52":0,"53":0,"54":0,"55":0,"56":0,"57":0,"58":0,"59":0,"60":0,"61":0,"62":0,"63":0,"64":0,"65":0,"66":0,"67":0,"68":0,"69":0,"70":0,"71":0,"72":0,"73":0,"74":0,"75":0,"76":0,"77":0,"78":0,"79":0,"80":1,"81":1,"82":1,"83":0,"84":1,"85":1,"86":1,"87":1,"88":1,"89":0,"90":0,"91":0,"92":1,"93":1,"94":1,"95":3,"96":3,"97":3,"98":1,"99":2,"100":2,"101":2,"102":2,"103":2,"104":1,"105":1,"106":1,"107":1,"108":1,"109":1,"110":1,"111":0,"112":0,"113":0,"114":0,"115":0,"116":0},"b":{"1":[0,0],"2":[0,1],"3":[0,1],"4":[0,1],"5":[0,1],"6":[0,0],"7":[0,0],"8":[0,0],"9":[0,0],"10":[0,0],"11":[0,0],"12":[0,0],"13":[0,0],"14":[0,0],"15":[0,0],"16":[0,1],"17":[1,0],"18":[1,0],"19":[0,1],"20":[0,0]},"f":{"1":0,"2":1,"3":1,"4":1,"5":1,"6":1,"7":1,"8":0,"9":0,"10":1,"11":0,"12":0,"13":0,"14":0,"15":0,"16":1,"17":1,"18":1,"19":0,"20":3,"21":3,"22":2,"23":2,"24":1,"25":1,"26":0,"27":0},"fnMap":{"1":{"name":"isLoggedIn","line":34,"loc":{"start":{"line":34,"column":0},"end":{"line":34,"column":36}}},"2":{"name":"(anonymous_2)","line":43,"loc":{"start":{"line":43,"column":2},"end":{"line":43,"column":37}}},"3":{"name":"(anonymous_3)","line":44,"loc":{"start":{"line":44,"column":41},"end":{"line":44,"column":62}}},"4":{"name":"(anonymous_4)","line":50,"loc":{"start":{"line":50,"column":48},"end":{"line":50,"column":63}}},"5":{"name":"validatePassword","line":61,"loc":{"start":{"line":61,"column":0},"end":{"line":61,"column":60}}},"6":{"name":"(anonymous_6)","line":62,"loc":{"start":{"line":62,"column":43},"end":{"line":62,"column":66}}},"7":{"name":"(anonymous_7)","line":70,"loc":{"start":{"line":70,"column":23},"end":{"line":70,"column":44}}},"8":{"name":"(anonymous_8)","line":74,"loc":{"start":{"line":74,"column":25},"end":{"line":74,"column":44}}},"9":{"name":"(anonymous_9)","line":75,"loc":{"start":{"line":75,"column":20},"end":{"line":75,"column":40}}},"10":{"name":"(anonymous_10)","line":81,"loc":{"start":{"line":81,"column":51},"end":{"line":81,"column":70}}},"11":{"name":"(anonymous_11)","line":89,"loc":{"start":{"line":89,"column":19},"end":{"line":89,"column":37}}},"12":{"name":"(anonymous_12)","line":95,"loc":{"start":{"line":95,"column":31},"end":{"line":95,"column":50}}},"13":{"name":"(anonymous_13)","line":156,"loc":{"start":{"line":156,"column":23},"end":{"line":156,"column":43}}},"14":{"name":"(anonymous_14)","line":162,"loc":{"start":{"line":162,"column":36},"end":{"line":162,"column":56}}},"15":{"name":"(anonymous_15)","line":173,"loc":{"start":{"line":173,"column":22},"end":{"line":173,"column":36}}},"16":{"name":"(anonymous_16)","line":189,"loc":{"start":{"line":189,"column":16},"end":{"line":189,"column":35}}},"17":{"name":"(anonymous_17)","line":190,"loc":{"start":{"line":190,"column":42},"end":{"line":190,"column":56}}},"18":{"name":"(anonymous_18)","line":195,"loc":{"start":{"line":195,"column":32},"end":{"line":195,"column":43}}},"19":{"name":"(anonymous_19)","line":208,"loc":{"start":{"line":208,"column":14},"end":{"line":208,"column":28}}},"20":{"name":"(anonymous_20)","line":217,"loc":{"start":{"line":217,"column":19},"end":{"line":217,"column":36}}},"21":{"name":"(anonymous_21)","line":221,"loc":{"start":{"line":221,"column":39},"end":{"line":221,"column":57}}},"22":{"name":"(anonymous_22)","line":230,"loc":{"start":{"line":230,"column":20},"end":{"line":230,"column":37}}},"23":{"name":"(anonymous_23)","line":235,"loc":{"start":{"line":235,"column":41},"end":{"line":235,"column":54}}},"24":{"name":"(anonymous_24)","line":247,"loc":{"start":{"line":247,"column":26},"end":{"line":247,"column":43}}},"25":{"name":"(anonymous_25)","line":252,"loc":{"start":{"line":252,"column":41},"end":{"line":252,"column":54}}},"26":{"name":"(anonymous_26)","line":263,"loc":{"start":{"line":263,"column":23},"end":{"line":263,"column":40}}},"27":{"name":"(anonymous_27)","line":269,"loc":{"start":{"line":269,"column":41},"end":{"line":269,"column":54}}}},"statementMap":{"1":{"start":{"line":1,"column":0},"end":{"line":1,"column":33}},"2":{"start":{"line":2,"column":0},"end":{"line":2,"column":40}},"3":{"start":{"line":3,"column":0},"end":{"line":3,"column":20}},"4":{"start":{"line":4,"column":0},"end":{"line":4,"column":33}},"5":{"start":{"line":5,"column":0},"end":{"line":5,"column":33}},"6":{"start":{"line":6,"column":0},"end":{"line":6,"column":35}},"7":{"start":{"line":7,"column":0},"end":{"line":7,"column":41}},"8":{"start":{"line":8,"column":0},"end":{"line":8,"column":51}},"9":{"start":{"line":9,"column":0},"end":{"line":9,"column":55}},"10":{"start":{"line":10,"column":0},"end":{"line":10,"column":35}},"11":{"start":{"line":13,"column":0},"end":{"line":13,"column":20}},"12":{"start":{"line":14,"column":0},"end":{"line":14,"column":35}},"13":{"start":{"line":19,"column":0},"end":{"line":19,"column":27}},"14":{"start":{"line":20,"column":0},"end":{"line":20,"column":34}},"15":{"start":{"line":25,"column":0},"end":{"line":30,"column":4}},"16":{"start":{"line":31,"column":0},"end":{"line":31,"column":31}},"17":{"start":{"line":32,"column":0},"end":{"line":32,"column":28}},"18":{"start":{"line":34,"column":0},"end":{"line":38,"column":1}},"19":{"start":{"line":35,"column":4},"end":{"line":36,"column":22}},"20":{"start":{"line":36,"column":8},"end":{"line":36,"column":22}},"21":{"start":{"line":37,"column":4},"end":{"line":37,"column":22}},"22":{"start":{"line":40,"column":0},"end":{"line":40,"column":41}},"23":{"start":{"line":42,"column":0},"end":{"line":59,"column":3}},"24":{"start":{"line":44,"column":4},"end":{"line":57,"column":7}},"25":{"start":{"line":45,"column":8},"end":{"line":45,"column":25}},"26":{"start":{"line":46,"column":6},"end":{"line":46,"column":36}},"27":{"start":{"line":46,"column":17},"end":{"line":46,"column":34}},"28":{"start":{"line":47,"column":6},"end":{"line":49,"column":7}},"29":{"start":{"line":48,"column":8},"end":{"line":48,"column":69}},"30":{"start":{"line":50,"column":6},"end":{"line":56,"column":9}},"31":{"start":{"line":51,"column":10},"end":{"line":55,"column":11}},"32":{"start":{"line":52,"column":14},"end":{"line":52,"column":75}},"33":{"start":{"line":54,"column":14},"end":{"line":54,"column":38}},"34":{"start":{"line":61,"column":0},"end":{"line":69,"column":1}},"35":{"start":{"line":62,"column":4},"end":{"line":68,"column":7}},"36":{"start":{"line":63,"column":8},"end":{"line":66,"column":9}},"37":{"start":{"line":64,"column":12},"end":{"line":64,"column":26}},"38":{"start":{"line":65,"column":12},"end":{"line":65,"column":19}},"39":{"start":{"line":67,"column":8},"end":{"line":67,"column":32}},"40":{"start":{"line":70,"column":0},"end":{"line":72,"column":3}},"41":{"start":{"line":71,"column":2},"end":{"line":71,"column":19}},"42":{"start":{"line":74,"column":0},"end":{"line":78,"column":3}},"43":{"start":{"line":75,"column":2},"end":{"line":77,"column":5}},"44":{"start":{"line":76,"column":4},"end":{"line":76,"column":20}},"45":{"start":{"line":81,"column":0},"end":{"line":87,"column":3}},"46":{"start":{"line":82,"column":2},"end":{"line":86,"column":5}},"47":{"start":{"line":89,"column":0},"end":{"line":92,"column":3}},"48":{"start":{"line":90,"column":4},"end":{"line":90,"column":17}},"49":{"start":{"line":91,"column":4},"end":{"line":91,"column":24}},"50":{"start":{"line":95,"column":0},"end":{"line":183,"column":3}},"51":{"start":{"line":96,"column":4},"end":{"line":100,"column":5}},"52":{"start":{"line":97,"column":8},"end":{"line":99,"column":11}},"53":{"start":{"line":101,"column":4},"end":{"line":105,"column":5}},"54":{"start":{"line":102,"column":8},"end":{"line":104,"column":11}},"55":{"start":{"line":106,"column":4},"end":{"line":106,"column":37}},"56":{"start":{"line":107,"column":4},"end":{"line":111,"column":5}},"57":{"start":{"line":108,"column":8},"end":{"line":110,"column":11}},"58":{"start":{"line":112,"column":4},"end":{"line":112,"column":31}},"59":{"start":{"line":113,"column":4},"end":{"line":117,"column":5}},"60":{"start":{"line":114,"column":8},"end":{"line":116,"column":11}},"61":{"start":{"line":137,"column":4},"end":{"line":141,"column":5}},"62":{"start":{"line":138,"column":8},"end":{"line":140,"column":11}},"63":{"start":{"line":142,"column":4},"end":{"line":142,"column":37}},"64":{"start":{"line":143,"column":4},"end":{"line":147,"column":5}},"65":{"start":{"line":144,"column":8},"end":{"line":146,"column":11}},"66":{"start":{"line":149,"column":4},"end":{"line":149,"column":31}},"67":{"start":{"line":151,"column":4},"end":{"line":155,"column":5}},"68":{"start":{"line":152,"column":8},"end":{"line":154,"column":11}},"69":{"start":{"line":156,"column":4},"end":{"line":182,"column":7}},"70":{"start":{"line":157,"column":8},"end":{"line":161,"column":9}},"71":{"start":{"line":158,"column":12},"end":{"line":160,"column":15}},"72":{"start":{"line":162,"column":8},"end":{"line":181,"column":11}},"73":{"start":{"line":163,"column":12},"end":{"line":167,"column":13}},"74":{"start":{"line":164,"column":16},"end":{"line":166,"column":19}},"75":{"start":{"line":168,"column":12},"end":{"line":172,"column":15}},"76":{"start":{"line":173,"column":12},"end":{"line":180,"column":15}},"77":{"start":{"line":174,"column":16},"end":{"line":178,"column":17}},"78":{"start":{"line":175,"column":20},"end":{"line":177,"column":23}},"79":{"start":{"line":179,"column":16},"end":{"line":179,"column":48}},"80":{"start":{"line":189,"column":0},"end":{"line":204,"column":2}},"81":{"start":{"line":190,"column":4},"end":{"line":203,"column":7}},"82":{"start":{"line":191,"column":8},"end":{"line":193,"column":9}},"83":{"start":{"line":192,"column":12},"end":{"line":192,"column":33}},"84":{"start":{"line":195,"column":8},"end":{"line":202,"column":11}},"85":{"start":{"line":196,"column":12},"end":{"line":196,"column":65}},"86":{"start":{"line":197,"column":4},"end":{"line":199,"column":13}},"87":{"start":{"line":198,"column":16},"end":{"line":198,"column":27}},"88":{"start":{"line":207,"column":0},"end":{"line":213,"column":1}},"89":{"start":{"line":208,"column":4},"end":{"line":212,"column":7}},"90":{"start":{"line":209,"column":8},"end":{"line":211,"column":9}},"91":{"start":{"line":210,"column":12},"end":{"line":210,"column":31}},"92":{"start":{"line":214,"column":0},"end":{"line":214,"column":37}},"93":{"start":{"line":215,"column":0},"end":{"line":215,"column":25}},"94":{"start":{"line":217,"column":0},"end":{"line":228,"column":3}},"95":{"start":{"line":221,"column":4},"end":{"line":226,"column":7}},"96":{"start":{"line":223,"column":8},"end":{"line":223,"column":25}},"97":{"start":{"line":224,"column":8},"end":{"line":224,"column":40}},"98":{"start":{"line":230,"column":0},"end":{"line":244,"column":3}},"99":{"start":{"line":232,"column":4},"end":{"line":232,"column":38}},"100":{"start":{"line":233,"column":4},"end":{"line":233,"column":181}},"101":{"start":{"line":235,"column":4},"end":{"line":241,"column":3}},"102":{"start":{"line":237,"column":8},"end":{"line":237,"column":25}},"103":{"start":{"line":239,"column":5},"end":{"line":239,"column":51}},"104":{"start":{"line":247,"column":0},"end":{"line":261,"column":3}},"105":{"start":{"line":249,"column":4},"end":{"line":249,"column":37}},"106":{"start":{"line":250,"column":4},"end":{"line":250,"column":59}},"107":{"start":{"line":252,"column":4},"end":{"line":258,"column":3}},"108":{"start":{"line":254,"column":8},"end":{"line":254,"column":25}},"109":{"start":{"line":256,"column":5},"end":{"line":256,"column":53}},"110":{"start":{"line":263,"column":0},"end":{"line":277,"column":3}},"111":{"start":{"line":265,"column":4},"end":{"line":265,"column":37}},"112":{"start":{"line":267,"column":4},"end":{"line":267,"column":78}},"113":{"start":{"line":269,"column":4},"end":{"line":275,"column":7}},"114":{"start":{"line":271,"column":8},"end":{"line":271,"column":25}},"115":{"start":{"line":272,"column":8},"end":{"line":272,"column":68}},"116":{"start":{"line":273,"column":5},"end":{"line":273,"column":54}}},"branchMap":{"1":{"line":35,"type":"if","locations":[{"start":{"line":35,"column":4},"end":{"line":35,"column":4}},{"start":{"line":35,"column":4},"end":{"line":35,"column":4}}]},"2":{"line":46,"type":"if","locations":[{"start":{"line":46,"column":6},"end":{"line":46,"column":6}},{"start":{"line":46,"column":6},"end":{"line":46,"column":6}}]},"3":{"line":47,"type":"if","locations":[{"start":{"line":47,"column":6},"end":{"line":47,"column":6}},{"start":{"line":47,"column":6},"end":{"line":47,"column":6}}]},"4":{"line":51,"type":"if","locations":[{"start":{"line":51,"column":10},"end":{"line":51,"column":10}},{"start":{"line":51,"column":10},"end":{"line":51,"column":10}}]},"5":{"line":63,"type":"if","locations":[{"start":{"line":63,"column":8},"end":{"line":63,"column":8}},{"start":{"line":63,"column":8},"end":{"line":63,"column":8}}]},"6":{"line":96,"type":"if","locations":[{"start":{"line":96,"column":4},"end":{"line":96,"column":4}},{"start":{"line":96,"column":4},"end":{"line":96,"column":4}}]},"7":{"line":101,"type":"if","locations":[{"start":{"line":101,"column":4},"end":{"line":101,"column":4}},{"start":{"line":101,"column":4},"end":{"line":101,"column":4}}]},"8":{"line":107,"type":"if","locations":[{"start":{"line":107,"column":4},"end":{"line":107,"column":4}},{"start":{"line":107,"column":4},"end":{"line":107,"column":4}}]},"9":{"line":113,"type":"if","locations":[{"start":{"line":113,"column":4},"end":{"line":113,"column":4}},{"start":{"line":113,"column":4},"end":{"line":113,"column":4}}]},"10":{"line":137,"type":"if","locations":[{"start":{"line":137,"column":4},"end":{"line":137,"column":4}},{"start":{"line":137,"column":4},"end":{"line":137,"column":4}}]},"11":{"line":143,"type":"if","locations":[{"start":{"line":143,"column":4},"end":{"line":143,"column":4}},{"start":{"line":143,"column":4},"end":{"line":143,"column":4}}]},"12":{"line":151,"type":"if","locations":[{"start":{"line":151,"column":4},"end":{"line":151,"column":4}},{"start":{"line":151,"column":4},"end":{"line":151,"column":4}}]},"13":{"line":157,"type":"if","locations":[{"start":{"line":157,"column":8},"end":{"line":157,"column":8}},{"start":{"line":157,"column":8},"end":{"line":157,"column":8}}]},"14":{"line":163,"type":"if","locations":[{"start":{"line":163,"column":12},"end":{"line":163,"column":12}},{"start":{"line":163,"column":12},"end":{"line":163,"column":12}}]},"15":{"line":174,"type":"if","locations":[{"start":{"line":174,"column":16},"end":{"line":174,"column":16}},{"start":{"line":174,"column":16},"end":{"line":174,"column":16}}]},"16":{"line":191,"type":"if","locations":[{"start":{"line":191,"column":8},"end":{"line":191,"column":8}},{"start":{"line":191,"column":8},"end":{"line":191,"column":8}}]},"17":{"line":191,"type":"binary-expr","locations":[{"start":{"line":191,"column":12},"end":{"line":191,"column":15}},{"start":{"line":191,"column":19},"end":{"line":191,"column":27}}]},"18":{"line":197,"type":"if","locations":[{"start":{"line":197,"column":4},"end":{"line":197,"column":4}},{"start":{"line":197,"column":4},"end":{"line":197,"column":4}}]},"19":{"line":207,"type":"if","locations":[{"start":{"line":207,"column":0},"end":{"line":207,"column":0}},{"start":{"line":207,"column":0},"end":{"line":207,"column":0}}]},"20":{"line":209,"type":"if","locations":[{"start":{"line":209,"column":8},"end":{"line":209,"column":8}},{"start":{"line":209,"column":8},"end":{"line":209,"column":8}}]}}},"/home/ubuntu/workspace/lego-builder/config.js":{"path":"/home/ubuntu/workspace/lego-builder/config.js","s":{"1":1,"2":1},"b":{"1":[1,1,1],"2":[0,1],"3":[1,0]},"f":{},"fnMap":{},"statementMap":{"1":{"start":{"line":3,"column":0},"end":{"line":8,"column":69}},"2":{"start":{"line":9,"column":0},"end":{"line":9,"column":40}}},"branchMap":{"1":{"line":3,"type":"binary-expr","locations":[{"start":{"line":3,"column":23},"end":{"line":3,"column":47}},{"start":{"line":5,"column":22},"end":{"line":5,"column":41}},{"start":{"line":6,"column":23},"end":{"line":8,"column":67}}]},"2":{"line":6,"type":"cond-expr","locations":[{"start":{"line":7,"column":29},"end":{"line":7,"column":63}},{"start":{"line":8,"column":29},"end":{"line":8,"column":67}}]},"3":{"line":9,"type":"binary-expr","locations":[{"start":{"line":9,"column":15},"end":{"line":9,"column":31}},{"start":{"line":9,"column":35},"end":{"line":9,"column":39}}]}}},"/home/ubuntu/workspace/lego-builder/models/userModel.js":{"path":"/home/ubuntu/workspace/lego-builder/models/userModel.js","s":{"1":1,"2":1,"3":1,"4":1,"5":1},"b":{},"f":{},"fnMap":{},"statementMap":{"1":{"start":{"line":2,"column":0},"end":{"line":2,"column":35}},"2":{"start":{"line":3,"column":0},"end":{"line":3,"column":33}},"3":{"start":{"line":5,"column":0},"end":{"line":19,"column":3}},"4":{"start":{"line":21,"column":0},"end":{"line":21,"column":46}},"5":{"start":{"line":25,"column":0},"end":{"line":25,"column":22}}},"branchMap":{}}}