TN:
SF:/home/ubuntu/workspace/lego-builder/server.js
FN:34,isLoggedIn
FN:43,(anonymous_2)
FN:44,(anonymous_3)
FN:50,(anonymous_4)
FN:61,validatePassword
FN:62,(anonymous_6)
FN:70,(anonymous_7)
FN:74,(anonymous_8)
FN:75,(anonymous_9)
FN:81,(anonymous_10)
FN:89,(anonymous_11)
FN:95,(anonymous_12)
FN:156,(anonymous_13)
FN:162,(anonymous_14)
FN:173,(anonymous_15)
FN:189,(anonymous_16)
FN:190,(anonymous_17)
FN:195,(anonymous_18)
FN:208,(anonymous_19)
FN:217,(anonymous_20)
FN:221,(anonymous_21)
FN:230,(anonymous_22)
FN:235,(anonymous_23)
FN:247,(anonymous_24)
FN:252,(anonymous_25)
FN:263,(anonymous_26)
FN:269,(anonymous_27)
FNF:27
FNH:16
FNDA:0,isLoggedIn
FNDA:1,(anonymous_2)
FNDA:1,(anonymous_3)
FNDA:1,(anonymous_4)
FNDA:1,validatePassword
FNDA:1,(anonymous_6)
FNDA:1,(anonymous_7)
FNDA:0,(anonymous_8)
FNDA:0,(anonymous_9)
FNDA:1,(anonymous_10)
FNDA:0,(anonymous_11)
FNDA:0,(anonymous_12)
FNDA:0,(anonymous_13)
FNDA:0,(anonymous_14)
FNDA:0,(anonymous_15)
FNDA:1,(anonymous_16)
FNDA:1,(anonymous_17)
FNDA:1,(anonymous_18)
FNDA:0,(anonymous_19)
FNDA:3,(anonymous_20)
FNDA:3,(anonymous_21)
FNDA:2,(anonymous_22)
FNDA:2,(anonymous_23)
FNDA:1,(anonymous_24)
FNDA:1,(anonymous_25)
FNDA:0,(anonymous_26)
FNDA:0,(anonymous_27)
DA:1,1
DA:2,1
DA:3,1
DA:4,1
DA:5,1
DA:6,1
DA:7,1
DA:8,1
DA:9,1
DA:10,1
DA:13,1
DA:14,1
DA:19,1
DA:20,1
DA:25,1
DA:31,1
DA:32,1
DA:34,1
DA:35,0
DA:36,0
DA:37,0
DA:40,1
DA:42,1
DA:44,1
DA:45,1
DA:46,1
DA:47,1
DA:48,0
DA:50,1
DA:51,1
DA:52,0
DA:54,1
DA:61,1
DA:62,1
DA:63,1
DA:64,0
DA:65,0
DA:67,1
DA:70,1
DA:71,1
DA:74,1
DA:75,0
DA:76,0
DA:81,1
DA:82,1
DA:89,1
DA:90,0
DA:91,0
DA:95,1
DA:96,0
DA:97,0
DA:101,0
DA:102,0
DA:106,0
DA:107,0
DA:108,0
DA:112,0
DA:113,0
DA:114,0
DA:137,0
DA:138,0
DA:142,0
DA:143,0
DA:144,0
DA:149,0
DA:151,0
DA:152,0
DA:156,0
DA:157,0
DA:158,0
DA:162,0
DA:163,0
DA:164,0
DA:168,0
DA:173,0
DA:174,0
DA:175,0
DA:179,0
DA:189,1
DA:190,1
DA:191,1
DA:192,0
DA:195,1
DA:196,1
DA:197,1
DA:198,1
DA:207,1
DA:208,0
DA:209,0
DA:210,0
DA:214,1
DA:215,1
DA:217,1
DA:221,3
DA:223,3
DA:224,3
DA:230,1
DA:232,2
DA:233,2
DA:235,2
DA:237,2
DA:239,2
DA:247,1
DA:249,1
DA:250,1
DA:252,1
DA:254,1
DA:256,1
DA:263,1
DA:265,0
DA:267,0
DA:269,0
DA:271,0
DA:272,0
DA:273,0
LF:115
LH:65
BRDA:35,1,0,0
BRDA:35,1,1,0
BRDA:46,2,0,0
BRDA:46,2,1,1
BRDA:47,3,0,0
BRDA:47,3,1,1
BRDA:51,4,0,0
BRDA:51,4,1,1
BRDA:63,5,0,0
BRDA:63,5,1,1
BRDA:96,6,0,0
BRDA:96,6,1,0
BRDA:101,7,0,0
BRDA:101,7,1,0
BRDA:107,8,0,0
BRDA:107,8,1,0
BRDA:113,9,0,0
BRDA:113,9,1,0
BRDA:137,10,0,0
BRDA:137,10,1,0
BRDA:143,11,0,0
BRDA:143,11,1,0
BRDA:151,12,0,0
BRDA:151,12,1,0
BRDA:157,13,0,0
BRDA:157,13,1,0
BRDA:163,14,0,0
BRDA:163,14,1,0
BRDA:174,15,0,0
BRDA:174,15,1,0
BRDA:191,16,0,0
BRDA:191,16,1,1
BRDA:191,17,0,1
BRDA:191,17,1,0
BRDA:197,18,0,1
BRDA:197,18,1,0
BRDA:207,19,0,0
BRDA:207,19,1,1
BRDA:209,20,0,0
BRDA:209,20,1,0
BRF:40
BRH:8
end_of_record
TN:
SF:/home/ubuntu/workspace/lego-builder/config.js
FNF:0
FNH:0
DA:3,1
DA:9,1
LF:2
LH:2
BRDA:3,1,0,1
BRDA:3,1,1,1
BRDA:3,1,2,1
BRDA:6,2,0,0
BRDA:6,2,1,1
BRDA:9,3,0,1
BRDA:9,3,1,0
BRF:7
BRH:5
end_of_record
TN:
SF:/home/ubuntu/workspace/lego-builder/models/userModel.js
FNF:0
FNH:0
DA:2,1
DA:3,1
DA:5,1
DA:21,1
DA:25,1
LF:5
LH:5
BRF:0
BRH:0
end_of_record
